{
    "meta": {
        "version": "7.2.5",
        "timestamp": "2023-06-04T13:48:26.768860",
        "branch_coverage": true,
        "show_contexts": false
    },
    "files": {
        "address/__init__.py": {
            "executed_lines": [],
            "summary": {
                "covered_lines": 0,
                "num_statements": 0,
                "percent_covered": 100.0,
                "percent_covered_display": "100",
                "missing_lines": 0,
                "excluded_lines": 0,
                "num_branches": 0,
                "num_partial_branches": 0,
                "covered_branches": 0,
                "missing_branches": 0
            },
            "missing_lines": [],
            "excluded_lines": [],
            "executed_branches": [],
            "missing_branches": []
        },
        "address/admin.py": {
            "executed_lines": [
                2,
                4,
                7,
                8,
                9,
                10,
                13,
                14,
                15,
                16,
                17,
                20,
                21,
                22,
                34
            ],
            "summary": {
                "covered_lines": 15,
                "num_statements": 15,
                "percent_covered": 100.0,
                "percent_covered_display": "100",
                "missing_lines": 0,
                "excluded_lines": 0,
                "num_branches": 6,
                "num_partial_branches": 0,
                "covered_branches": 6,
                "missing_branches": 0
            },
            "missing_lines": [],
            "excluded_lines": [],
            "executed_branches": [
                [
                    7,
                    8
                ],
                [
                    7,
                    9
                ],
                [
                    13,
                    14
                ],
                [
                    13,
                    15
                ],
                [
                    20,
                    21
                ],
                [
                    20,
                    22
                ]
            ],
            "missing_branches": []
        },
        "address/apps.py": {
            "executed_lines": [
                1,
                4,
                5,
                6
            ],
            "summary": {
                "covered_lines": 4,
                "num_statements": 4,
                "percent_covered": 100.0,
                "percent_covered_display": "100",
                "missing_lines": 0,
                "excluded_lines": 0,
                "num_branches": 0,
                "num_partial_branches": 0,
                "covered_branches": 0,
                "missing_branches": 0
            },
            "missing_lines": [],
            "excluded_lines": [],
            "executed_branches": [],
            "missing_branches": []
        },
        "address/migrations/0001_initial.py": {
            "executed_lines": [
                3,
                4,
                5,
                6,
                9,
                10,
                12,
                16
            ],
            "summary": {
                "covered_lines": 8,
                "num_statements": 8,
                "percent_covered": 100.0,
                "percent_covered_display": "100",
                "missing_lines": 0,
                "excluded_lines": 0,
                "num_branches": 0,
                "num_partial_branches": 0,
                "covered_branches": 0,
                "missing_branches": 0
            },
            "missing_lines": [],
            "excluded_lines": [],
            "executed_branches": [],
            "missing_branches": []
        },
        "address/migrations/0002_alter_address_phone_number.py": {
            "executed_lines": [
                3,
                4,
                7,
                8,
                12
            ],
            "summary": {
                "covered_lines": 5,
                "num_statements": 5,
                "percent_covered": 100.0,
                "percent_covered_display": "100",
                "missing_lines": 0,
                "excluded_lines": 0,
                "num_branches": 0,
                "num_partial_branches": 0,
                "covered_branches": 0,
                "missing_branches": 0
            },
            "missing_lines": [],
            "excluded_lines": [],
            "executed_branches": [],
            "missing_branches": []
        },
        "address/migrations/0003_alter_address_state.py": {
            "executed_lines": [
                3,
                4,
                5,
                8,
                9,
                13
            ],
            "summary": {
                "covered_lines": 6,
                "num_statements": 6,
                "percent_covered": 100.0,
                "percent_covered_display": "100",
                "missing_lines": 0,
                "excluded_lines": 0,
                "num_branches": 0,
                "num_partial_branches": 0,
                "covered_branches": 0,
                "missing_branches": 0
            },
            "missing_lines": [],
            "excluded_lines": [],
            "executed_branches": [],
            "missing_branches": []
        },
        "address/migrations/0004_alter_address_state.py": {
            "executed_lines": [
                3,
                4,
                5,
                8,
                9,
                13
            ],
            "summary": {
                "covered_lines": 6,
                "num_statements": 6,
                "percent_covered": 100.0,
                "percent_covered_display": "100",
                "missing_lines": 0,
                "excluded_lines": 0,
                "num_branches": 0,
                "num_partial_branches": 0,
                "covered_branches": 0,
                "missing_branches": 0
            },
            "missing_lines": [],
            "excluded_lines": [],
            "executed_branches": [],
            "missing_branches": []
        },
        "address/migrations/__init__.py": {
            "executed_lines": [],
            "summary": {
                "covered_lines": 0,
                "num_statements": 0,
                "percent_covered": 100.0,
                "percent_covered_display": "100",
                "missing_lines": 0,
                "excluded_lines": 0,
                "num_branches": 0,
                "num_partial_branches": 0,
                "covered_branches": 0,
                "missing_branches": 0
            },
            "missing_lines": [],
            "excluded_lines": [],
            "executed_branches": [],
            "missing_branches": []
        },
        "address/models.py": {
            "executed_lines": [
                1,
                2,
                3,
                4,
                5,
                8,
                9,
                10,
                11,
                13,
                16,
                17,
                18,
                21,
                22,
                23,
                24,
                26,
                30,
                31,
                32,
                33,
                34,
                35,
                36,
                37,
                39,
                40,
                41
            ],
            "summary": {
                "covered_lines": 29,
                "num_statements": 31,
                "percent_covered": 93.54838709677419,
                "percent_covered_display": "94",
                "missing_lines": 2,
                "excluded_lines": 0,
                "num_branches": 0,
                "num_partial_branches": 0,
                "covered_branches": 0,
                "missing_branches": 0
            },
            "missing_lines": [
                14,
                27
            ],
            "excluded_lines": [],
            "executed_branches": [],
            "missing_branches": []
        },
        "address/permissions.py": {
            "executed_lines": [
                1,
                4,
                5,
                11
            ],
            "summary": {
                "covered_lines": 4,
                "num_statements": 10,
                "percent_covered": 28.571428571428573,
                "percent_covered_display": "29",
                "missing_lines": 6,
                "excluded_lines": 0,
                "num_branches": 4,
                "num_partial_branches": 0,
                "covered_branches": 0,
                "missing_branches": 4
            },
            "missing_lines": [
                6,
                12,
                13,
                14,
                15,
                16
            ],
            "excluded_lines": [],
            "executed_branches": [],
            "missing_branches": [
                [
                    12,
                    13
                ],
                [
                    12,
                    14
                ],
                [
                    14,
                    15
                ],
                [
                    14,
                    16
                ]
            ]
        },
        "address/serializers.py": {
            "executed_lines": [
                1,
                3,
                4,
                5,
                7,
                8,
                9,
                12,
                13,
                14,
                15,
                18,
                19,
                20,
                21,
                24,
                25,
                34,
                41,
                45,
                46,
                55,
                63,
                67,
                68,
                69,
                71,
                88,
                89,
                90,
                91,
                92,
                94,
                95,
                96,
                107,
                120
            ],
            "summary": {
                "covered_lines": 37,
                "num_statements": 89,
                "percent_covered": 34.57943925233645,
                "percent_covered_display": "35",
                "missing_lines": 52,
                "excluded_lines": 0,
                "num_branches": 18,
                "num_partial_branches": 0,
                "covered_branches": 0,
                "missing_branches": 18
            },
            "missing_lines": [
                26,
                27,
                28,
                29,
                31,
                32,
                35,
                36,
                37,
                38,
                39,
                42,
                47,
                48,
                49,
                50,
                52,
                53,
                56,
                57,
                58,
                59,
                60,
                61,
                64,
                72,
                73,
                74,
                75,
                76,
                77,
                79,
                80,
                81,
                85,
                108,
                109,
                110,
                111,
                112,
                114,
                115,
                116,
                118,
                121,
                122,
                123,
                124,
                125,
                127,
                128,
                132
            ],
            "excluded_lines": [],
            "executed_branches": [],
            "missing_branches": [
                [
                    27,
                    28
                ],
                [
                    27,
                    31
                ],
                [
                    35,
                    -34
                ],
                [
                    35,
                    36
                ],
                [
                    37,
                    38
                ],
                [
                    37,
                    39
                ],
                [
                    48,
                    49
                ],
                [
                    48,
                    52
                ],
                [
                    57,
                    -55
                ],
                [
                    57,
                    58
                ],
                [
                    59,
                    60
                ],
                [
                    59,
                    61
                ],
                [
                    80,
                    81
                ],
                [
                    80,
                    85
                ],
                [
                    115,
                    116
                ],
                [
                    115,
                    118
                ],
                [
                    127,
                    128
                ],
                [
                    127,
                    132
                ]
            ]
        },
        "address/tests.py": {
            "executed_lines": [],
            "summary": {
                "covered_lines": 0,
                "num_statements": 1,
                "percent_covered": 0.0,
                "percent_covered_display": "0",
                "missing_lines": 1,
                "excluded_lines": 0,
                "num_branches": 0,
                "num_partial_branches": 0,
                "covered_branches": 0,
                "missing_branches": 0
            },
            "missing_lines": [
                1
            ],
            "excluded_lines": [],
            "executed_branches": [],
            "missing_branches": []
        },
        "address/urls.py": {
            "executed_lines": [
                11,
                13,
                14,
                16
            ],
            "summary": {
                "covered_lines": 4,
                "num_statements": 4,
                "percent_covered": 100.0,
                "percent_covered_display": "100",
                "missing_lines": 0,
                "excluded_lines": 0,
                "num_branches": 0,
                "num_partial_branches": 0,
                "covered_branches": 0,
                "missing_branches": 0
            },
            "missing_lines": [],
            "excluded_lines": [],
            "executed_branches": [],
            "missing_branches": []
        },
        "address/views.py": {
            "executed_lines": [
                1,
                2,
                4,
                5,
                6,
                11,
                12,
                13,
                14,
                16,
                25,
                33,
                34,
                35,
                36,
                38
            ],
            "summary": {
                "covered_lines": 16,
                "num_statements": 34,
                "percent_covered": 33.333333333333336,
                "percent_covered_display": "33",
                "missing_lines": 18,
                "excluded_lines": 0,
                "num_branches": 14,
                "num_partial_branches": 0,
                "covered_branches": 0,
                "missing_branches": 14
            },
            "missing_lines": [
                17,
                18,
                19,
                20,
                21,
                22,
                23,
                26,
                27,
                28,
                29,
                30,
                39,
                40,
                41,
                42,
                43,
                44
            ],
            "excluded_lines": [],
            "executed_branches": [],
            "missing_branches": [
                [
                    18,
                    19
                ],
                [
                    18,
                    23
                ],
                [
                    19,
                    20
                ],
                [
                    19,
                    21
                ],
                [
                    21,
                    22
                ],
                [
                    21,
                    23
                ],
                [
                    27,
                    28
                ],
                [
                    27,
                    29
                ],
                [
                    29,
                    -25
                ],
                [
                    29,
                    30
                ],
                [
                    40,
                    41
                ],
                [
                    40,
                    42
                ],
                [
                    42,
                    43
                ],
                [
                    42,
                    44
                ]
            ]
        },
        "brands/__init__.py": {
            "executed_lines": [],
            "summary": {
                "covered_lines": 0,
                "num_statements": 0,
                "percent_covered": 100.0,
                "percent_covered_display": "100",
                "missing_lines": 0,
                "excluded_lines": 0,
                "num_branches": 0,
                "num_partial_branches": 0,
                "covered_branches": 0,
                "missing_branches": 0
            },
            "missing_lines": [],
            "excluded_lines": [],
            "executed_branches": [],
            "missing_branches": []
        },
        "brands/admin.py": {
            "executed_lines": [
                2,
                4,
                7,
                8,
                9,
                18,
                19,
                20,
                21
            ],
            "summary": {
                "covered_lines": 9,
                "num_statements": 9,
                "percent_covered": 100.0,
                "percent_covered_display": "100",
                "missing_lines": 0,
                "excluded_lines": 0,
                "num_branches": 2,
                "num_partial_branches": 0,
                "covered_branches": 2,
                "missing_branches": 0
            },
            "missing_lines": [],
            "excluded_lines": [],
            "executed_branches": [
                [
                    7,
                    8
                ],
                [
                    7,
                    9
                ]
            ],
            "missing_branches": []
        },
        "brands/apps.py": {
            "executed_lines": [
                1,
                4,
                5,
                6
            ],
            "summary": {
                "covered_lines": 4,
                "num_statements": 4,
                "percent_covered": 100.0,
                "percent_covered_display": "100",
                "missing_lines": 0,
                "excluded_lines": 0,
                "num_branches": 0,
                "num_partial_branches": 0,
                "covered_branches": 0,
                "missing_branches": 0
            },
            "missing_lines": [],
            "excluded_lines": [],
            "executed_branches": [],
            "missing_branches": []
        },
        "brands/migrations/0001_initial.py": {
            "executed_lines": [
                3,
                4,
                7,
                8,
                10,
                12
            ],
            "summary": {
                "covered_lines": 6,
                "num_statements": 6,
                "percent_covered": 100.0,
                "percent_covered_display": "100",
                "missing_lines": 0,
                "excluded_lines": 0,
                "num_branches": 0,
                "num_partial_branches": 0,
                "covered_branches": 0,
                "missing_branches": 0
            },
            "missing_lines": [],
            "excluded_lines": [],
            "executed_branches": [],
            "missing_branches": []
        },
        "brands/migrations/0002_initial.py": {
            "executed_lines": [
                3,
                4,
                7,
                8,
                10,
                15
            ],
            "summary": {
                "covered_lines": 6,
                "num_statements": 6,
                "percent_covered": 100.0,
                "percent_covered_display": "100",
                "missing_lines": 0,
                "excluded_lines": 0,
                "num_branches": 0,
                "num_partial_branches": 0,
                "covered_branches": 0,
                "missing_branches": 0
            },
            "missing_lines": [],
            "excluded_lines": [],
            "executed_branches": [],
            "missing_branches": []
        },
        "brands/migrations/0003_initial.py": {
            "executed_lines": [
                3,
                4,
                7,
                8,
                10,
                15
            ],
            "summary": {
                "covered_lines": 6,
                "num_statements": 6,
                "percent_covered": 100.0,
                "percent_covered_display": "100",
                "missing_lines": 0,
                "excluded_lines": 0,
                "num_branches": 0,
                "num_partial_branches": 0,
                "covered_branches": 0,
                "missing_branches": 0
            },
            "missing_lines": [],
            "excluded_lines": [],
            "executed_branches": [],
            "missing_branches": []
        },
        "brands/migrations/__init__.py": {
            "executed_lines": [],
            "summary": {
                "covered_lines": 0,
                "num_statements": 0,
                "percent_covered": 100.0,
                "percent_covered_display": "100",
                "missing_lines": 0,
                "excluded_lines": 0,
                "num_branches": 0,
                "num_partial_branches": 0,
                "covered_branches": 0,
                "missing_branches": 0
            },
            "missing_lines": [],
            "excluded_lines": [],
            "executed_branches": [],
            "missing_branches": []
        },
        "brands/models.py": {
            "executed_lines": [
                1,
                2,
                3,
                4,
                6,
                10,
                11,
                12,
                13,
                14,
                17,
                24,
                26
            ],
            "summary": {
                "covered_lines": 13,
                "num_statements": 14,
                "percent_covered": 92.85714285714286,
                "percent_covered_display": "93",
                "missing_lines": 1,
                "excluded_lines": 0,
                "num_branches": 0,
                "num_partial_branches": 0,
                "covered_branches": 0,
                "missing_branches": 0
            },
            "missing_lines": [
                27
            ],
            "excluded_lines": [],
            "executed_branches": [],
            "missing_branches": []
        },
        "brands/permissions.py": {
            "executed_lines": [
                1,
                3,
                6,
                7
            ],
            "summary": {
                "covered_lines": 4,
                "num_statements": 12,
                "percent_covered": 20.0,
                "percent_covered_display": "20",
                "missing_lines": 8,
                "excluded_lines": 0,
                "num_branches": 8,
                "num_partial_branches": 0,
                "covered_branches": 0,
                "missing_branches": 8
            },
            "missing_lines": [
                8,
                9,
                10,
                11,
                15,
                16,
                17,
                18
            ],
            "excluded_lines": [],
            "executed_branches": [],
            "missing_branches": [
                [
                    8,
                    9
                ],
                [
                    8,
                    18
                ],
                [
                    9,
                    10
                ],
                [
                    9,
                    11
                ],
                [
                    11,
                    15
                ],
                [
                    11,
                    16
                ],
                [
                    16,
                    17
                ],
                [
                    16,
                    18
                ]
            ]
        },
        "brands/serializers.py": {
            "executed_lines": [
                1,
                3,
                6,
                7,
                8,
                9,
                18,
                20
            ],
            "summary": {
                "covered_lines": 8,
                "num_statements": 11,
                "percent_covered": 61.53846153846154,
                "percent_covered_display": "62",
                "missing_lines": 3,
                "excluded_lines": 0,
                "num_branches": 2,
                "num_partial_branches": 0,
                "covered_branches": 0,
                "missing_branches": 2
            },
            "missing_lines": [
                21,
                22,
                25
            ],
            "excluded_lines": [],
            "executed_branches": [],
            "missing_branches": [
                [
                    21,
                    22
                ],
                [
                    21,
                    25
                ]
            ]
        },
        "brands/tests.py": {
            "executed_lines": [],
            "summary": {
                "covered_lines": 0,
                "num_statements": 1,
                "percent_covered": 0.0,
                "percent_covered_display": "0",
                "missing_lines": 1,
                "excluded_lines": 0,
                "num_branches": 0,
                "num_partial_branches": 0,
                "covered_branches": 0,
                "missing_branches": 0
            },
            "missing_lines": [
                1
            ],
            "excluded_lines": [],
            "executed_branches": [],
            "missing_branches": []
        },
        "brands/urls.py": {
            "executed_lines": [
                1,
                2,
                4,
                6,
                7,
                9
            ],
            "summary": {
                "covered_lines": 6,
                "num_statements": 6,
                "percent_covered": 100.0,
                "percent_covered_display": "100",
                "missing_lines": 0,
                "excluded_lines": 0,
                "num_branches": 0,
                "num_partial_branches": 0,
                "covered_branches": 0,
                "missing_branches": 0
            },
            "missing_lines": [],
            "excluded_lines": [],
            "executed_branches": [],
            "missing_branches": []
        },
        "brands/views.py": {
            "executed_lines": [],
            "summary": {
                "covered_lines": 0,
                "num_statements": 1,
                "percent_covered": 0.0,
                "percent_covered_display": "0",
                "missing_lines": 1,
                "excluded_lines": 0,
                "num_branches": 0,
                "num_partial_branches": 0,
                "covered_branches": 0,
                "missing_branches": 0
            },
            "missing_lines": [
                1
            ],
            "excluded_lines": [],
            "executed_branches": [],
            "missing_branches": []
        },
        "brands/viewsets.py": {
            "executed_lines": [
                1,
                3,
                4,
                5,
                8,
                9,
                10,
                11,
                12,
                14,
                21
            ],
            "summary": {
                "covered_lines": 11,
                "num_statements": 16,
                "percent_covered": 61.111111111111114,
                "percent_covered_display": "61",
                "missing_lines": 5,
                "excluded_lines": 0,
                "num_branches": 2,
                "num_partial_branches": 0,
                "covered_branches": 0,
                "missing_branches": 2
            },
            "missing_lines": [
                15,
                16,
                17,
                19,
                22
            ],
            "excluded_lines": [],
            "executed_branches": [],
            "missing_branches": [
                [
                    16,
                    17
                ],
                [
                    16,
                    19
                ]
            ]
        },
        "categories/__init__.py": {
            "executed_lines": [],
            "summary": {
                "covered_lines": 0,
                "num_statements": 0,
                "percent_covered": 100.0,
                "percent_covered_display": "100",
                "missing_lines": 0,
                "excluded_lines": 0,
                "num_branches": 0,
                "num_partial_branches": 0,
                "covered_branches": 0,
                "missing_branches": 0
            },
            "missing_lines": [],
            "excluded_lines": [],
            "executed_branches": [],
            "missing_branches": []
        },
        "categories/admin.py": {
            "executed_lines": [
                2,
                4,
                7,
                8,
                9,
                20,
                21,
                22
            ],
            "summary": {
                "covered_lines": 8,
                "num_statements": 8,
                "percent_covered": 100.0,
                "percent_covered_display": "100",
                "missing_lines": 0,
                "excluded_lines": 0,
                "num_branches": 2,
                "num_partial_branches": 0,
                "covered_branches": 2,
                "missing_branches": 0
            },
            "missing_lines": [],
            "excluded_lines": [],
            "executed_branches": [
                [
                    7,
                    8
                ],
                [
                    7,
                    9
                ]
            ],
            "missing_branches": []
        },
        "categories/apps.py": {
            "executed_lines": [
                1,
                4,
                5,
                6
            ],
            "summary": {
                "covered_lines": 4,
                "num_statements": 4,
                "percent_covered": 100.0,
                "percent_covered_display": "100",
                "missing_lines": 0,
                "excluded_lines": 0,
                "num_branches": 0,
                "num_partial_branches": 0,
                "covered_branches": 0,
                "missing_branches": 0
            },
            "missing_lines": [],
            "excluded_lines": [],
            "executed_branches": [],
            "missing_branches": []
        },
        "categories/migrations/0001_initial.py": {
            "executed_lines": [
                3,
                4,
                5,
                6,
                9,
                10,
                12,
                14
            ],
            "summary": {
                "covered_lines": 8,
                "num_statements": 8,
                "percent_covered": 100.0,
                "percent_covered_display": "100",
                "missing_lines": 0,
                "excluded_lines": 0,
                "num_branches": 0,
                "num_partial_branches": 0,
                "covered_branches": 0,
                "missing_branches": 0
            },
            "missing_lines": [],
            "excluded_lines": [],
            "executed_branches": [],
            "missing_branches": []
        },
        "categories/migrations/__init__.py": {
            "executed_lines": [],
            "summary": {
                "covered_lines": 0,
                "num_statements": 0,
                "percent_covered": 100.0,
                "percent_covered_display": "100",
                "missing_lines": 0,
                "excluded_lines": 0,
                "num_branches": 0,
                "num_partial_branches": 0,
                "covered_branches": 0,
                "missing_branches": 0
            },
            "missing_lines": [],
            "excluded_lines": [],
            "executed_branches": [],
            "missing_branches": []
        },
        "categories/models.py": {
            "executed_lines": [
                1,
                2,
                3,
                4,
                5,
                6,
                10,
                11,
                14,
                15,
                18,
                26,
                27,
                29,
                30,
                31,
                32,
                34,
                37
            ],
            "summary": {
                "covered_lines": 19,
                "num_statements": 21,
                "percent_covered": 90.47619047619048,
                "percent_covered_display": "90",
                "missing_lines": 2,
                "excluded_lines": 0,
                "num_branches": 0,
                "num_partial_branches": 0,
                "covered_branches": 0,
                "missing_branches": 0
            },
            "missing_lines": [
                35,
                38
            ],
            "excluded_lines": [],
            "executed_branches": [],
            "missing_branches": []
        },
        "categories/permissions.py": {
            "executed_lines": [
                1,
                4,
                5,
                18
            ],
            "summary": {
                "covered_lines": 4,
                "num_statements": 18,
                "percent_covered": 13.333333333333334,
                "percent_covered_display": "13",
                "missing_lines": 14,
                "excluded_lines": 0,
                "num_branches": 12,
                "num_partial_branches": 0,
                "covered_branches": 0,
                "missing_branches": 12
            },
            "missing_lines": [
                6,
                7,
                8,
                9,
                14,
                15,
                16,
                19,
                20,
                21,
                22,
                27,
                28,
                29
            ],
            "excluded_lines": [],
            "executed_branches": [],
            "missing_branches": [
                [
                    6,
                    7
                ],
                [
                    6,
                    8
                ],
                [
                    8,
                    9
                ],
                [
                    8,
                    14
                ],
                [
                    14,
                    15
                ],
                [
                    14,
                    16
                ],
                [
                    19,
                    20
                ],
                [
                    19,
                    21
                ],
                [
                    21,
                    22
                ],
                [
                    21,
                    27
                ],
                [
                    27,
                    28
                ],
                [
                    27,
                    29
                ]
            ]
        },
        "categories/routers.py": {
            "executed_lines": [
                1,
                3,
                5,
                6
            ],
            "summary": {
                "covered_lines": 4,
                "num_statements": 4,
                "percent_covered": 100.0,
                "percent_covered_display": "100",
                "missing_lines": 0,
                "excluded_lines": 0,
                "num_branches": 0,
                "num_partial_branches": 0,
                "covered_branches": 0,
                "missing_branches": 0
            },
            "missing_lines": [],
            "excluded_lines": [],
            "executed_branches": [],
            "missing_branches": []
        },
        "categories/serializers.py": {
            "executed_lines": [
                1,
                3,
                5,
                6,
                7,
                8,
                10,
                11,
                14,
                15,
                16,
                17,
                19
            ],
            "summary": {
                "covered_lines": 13,
                "num_statements": 15,
                "percent_covered": 86.66666666666667,
                "percent_covered_display": "87",
                "missing_lines": 2,
                "excluded_lines": 0,
                "num_branches": 0,
                "num_partial_branches": 0,
                "covered_branches": 0,
                "missing_branches": 0
            },
            "missing_lines": [
                20,
                21
            ],
            "excluded_lines": [],
            "executed_branches": [],
            "missing_branches": []
        },
        "categories/tests.py": {
            "executed_lines": [],
            "summary": {
                "covered_lines": 0,
                "num_statements": 1,
                "percent_covered": 0.0,
                "percent_covered_display": "0",
                "missing_lines": 1,
                "excluded_lines": 0,
                "num_branches": 0,
                "num_partial_branches": 0,
                "covered_branches": 0,
                "missing_branches": 0
            },
            "missing_lines": [
                1
            ],
            "excluded_lines": [],
            "executed_branches": [],
            "missing_branches": []
        },
        "categories/urls.py": {
            "executed_lines": [
                1,
                2,
                4,
                6,
                7
            ],
            "summary": {
                "covered_lines": 5,
                "num_statements": 5,
                "percent_covered": 100.0,
                "percent_covered_display": "100",
                "missing_lines": 0,
                "excluded_lines": 0,
                "num_branches": 0,
                "num_partial_branches": 0,
                "covered_branches": 0,
                "missing_branches": 0
            },
            "missing_lines": [],
            "excluded_lines": [],
            "executed_branches": [],
            "missing_branches": []
        },
        "categories/views.py": {
            "executed_lines": [],
            "summary": {
                "covered_lines": 0,
                "num_statements": 0,
                "percent_covered": 100.0,
                "percent_covered_display": "100",
                "missing_lines": 0,
                "excluded_lines": 0,
                "num_branches": 0,
                "num_partial_branches": 0,
                "covered_branches": 0,
                "missing_branches": 0
            },
            "missing_lines": [],
            "excluded_lines": [],
            "executed_branches": [],
            "missing_branches": []
        },
        "categories/viewsets.py": {
            "executed_lines": [
                1,
                2,
                3,
                4,
                5,
                6,
                8,
                9,
                10,
                11,
                15,
                16,
                17,
                18,
                19,
                21,
                27,
                32
            ],
            "summary": {
                "covered_lines": 18,
                "num_statements": 25,
                "percent_covered": 68.96551724137932,
                "percent_covered_display": "69",
                "missing_lines": 7,
                "excluded_lines": 0,
                "num_branches": 4,
                "num_partial_branches": 0,
                "covered_branches": 2,
                "missing_branches": 2
            },
            "missing_lines": [
                22,
                23,
                25,
                33,
                34,
                35,
                37
            ],
            "excluded_lines": [],
            "executed_branches": [
                [
                    32,
                    -15
                ],
                [
                    32,
                    27
                ]
            ],
            "missing_branches": [
                [
                    22,
                    23
                ],
                [
                    22,
                    25
                ]
            ]
        },
        "core/__init__.py": {
            "executed_lines": [
                1,
                3
            ],
            "summary": {
                "covered_lines": 2,
                "num_statements": 2,
                "percent_covered": 100.0,
                "percent_covered_display": "100",
                "missing_lines": 0,
                "excluded_lines": 0,
                "num_branches": 0,
                "num_partial_branches": 0,
                "covered_branches": 0,
                "missing_branches": 0
            },
            "missing_lines": [],
            "excluded_lines": [],
            "executed_branches": [],
            "missing_branches": []
        },
        "core/asgi.py": {
            "executed_lines": [],
            "summary": {
                "covered_lines": 0,
                "num_statements": 4,
                "percent_covered": 0.0,
                "percent_covered_display": "0",
                "missing_lines": 4,
                "excluded_lines": 0,
                "num_branches": 0,
                "num_partial_branches": 0,
                "covered_branches": 0,
                "missing_branches": 0
            },
            "missing_lines": [
                9,
                11,
                13,
                15
            ],
            "excluded_lines": [],
            "executed_branches": [],
            "missing_branches": []
        },
        "core/celery.py": {
            "executed_lines": [
                1,
                3,
                5,
                6,
                7,
                8,
                10
            ],
            "summary": {
                "covered_lines": 7,
                "num_statements": 7,
                "percent_covered": 100.0,
                "percent_covered_display": "100",
                "missing_lines": 0,
                "excluded_lines": 0,
                "num_branches": 0,
                "num_partial_branches": 0,
                "covered_branches": 0,
                "missing_branches": 0
            },
            "missing_lines": [],
            "excluded_lines": [],
            "executed_branches": [],
            "missing_branches": []
        },
        "core/mixins.py": {
            "executed_lines": [
                1,
                2,
                3,
                4,
                5,
                8,
                9,
                10,
                11
            ],
            "summary": {
                "covered_lines": 9,
                "num_statements": 10,
                "percent_covered": 93.75,
                "percent_covered_display": "94",
                "missing_lines": 1,
                "excluded_lines": 0,
                "num_branches": 6,
                "num_partial_branches": 0,
                "covered_branches": 6,
                "missing_branches": 0
            },
            "missing_lines": [
                12
            ],
            "excluded_lines": [],
            "executed_branches": [
                [
                    9,
                    10
                ],
                [
                    9,
                    11
                ],
                [
                    10,
                    9
                ],
                [
                    10,
                    11
                ],
                [
                    11,
                    -8
                ],
                [
                    11,
                    10
                ]
            ],
            "missing_branches": []
        },
        "core/models.py": {
            "executed_lines": [
                1,
                4,
                5,
                6,
                8,
                9
            ],
            "summary": {
                "covered_lines": 6,
                "num_statements": 6,
                "percent_covered": 100.0,
                "percent_covered_display": "100",
                "missing_lines": 0,
                "excluded_lines": 0,
                "num_branches": 0,
                "num_partial_branches": 0,
                "covered_branches": 0,
                "missing_branches": 0
            },
            "missing_lines": [],
            "excluded_lines": [],
            "executed_branches": [],
            "missing_branches": []
        },
        "core/settings.py": {
            "executed_lines": [
                1,
                12,
                13,
                15,
                17,
                21,
                22,
                28,
                31,
                33,
                34,
                38,
                48,
                56,
                74,
                76,
                86,
                88,
                104,
                110,
                122,
                141,
                143,
                145,
                147,
                153,
                154,
                155,
                160,
                161,
                166,
                168,
                169,
                171,
                172,
                173,
                176,
                181,
                188,
                196,
                202,
                203,
                204,
                205,
                206,
                208,
                217,
                219,
                220,
                221,
                229,
                230
            ],
            "summary": {
                "covered_lines": 51,
                "num_statements": 51,
                "percent_covered": 98.11320754716981,
                "percent_covered_display": "98",
                "missing_lines": 0,
                "excluded_lines": 0,
                "num_branches": 2,
                "num_partial_branches": 1,
                "covered_branches": 1,
                "missing_branches": 1
            },
            "missing_lines": [],
            "excluded_lines": [],
            "executed_branches": [
                [
                    229,
                    230
                ]
            ],
            "missing_branches": [
                [
                    229,
                    -1
                ]
            ]
        },
        "core/urls.py": {
            "executed_lines": [
                1,
                17,
                18,
                19,
                20,
                21,
                22,
                23,
                24,
                25,
                26,
                27,
                28,
                29,
                30,
                31,
                32,
                33,
                34,
                36,
                38,
                91
            ],
            "summary": {
                "covered_lines": 21,
                "num_statements": 21,
                "percent_covered": 100.0,
                "percent_covered_display": "100",
                "missing_lines": 0,
                "excluded_lines": 0,
                "num_branches": 0,
                "num_partial_branches": 0,
                "covered_branches": 0,
                "missing_branches": 0
            },
            "missing_lines": [],
            "excluded_lines": [],
            "executed_branches": [],
            "missing_branches": []
        },
        "core/wsgi.py": {
            "executed_lines": [],
            "summary": {
                "covered_lines": 0,
                "num_statements": 4,
                "percent_covered": 0.0,
                "percent_covered_display": "0",
                "missing_lines": 4,
                "excluded_lines": 0,
                "num_branches": 0,
                "num_partial_branches": 0,
                "covered_branches": 0,
                "missing_branches": 0
            },
            "missing_lines": [
                9,
                11,
                13,
                15
            ],
            "excluded_lines": [],
            "executed_branches": [],
            "missing_branches": []
        },
        "manage.py": {
            "executed_lines": [],
            "summary": {
                "covered_lines": 0,
                "num_statements": 12,
                "percent_covered": 0.0,
                "percent_covered_display": "0",
                "missing_lines": 12,
                "excluded_lines": 0,
                "num_branches": 2,
                "num_partial_branches": 0,
                "covered_branches": 0,
                "missing_branches": 2
            },
            "missing_lines": [
                2,
                3,
                4,
                7,
                9,
                10,
                11,
                12,
                13,
                18,
                21,
                22
            ],
            "excluded_lines": [],
            "executed_branches": [],
            "missing_branches": [
                [
                    21,
                    -2
                ],
                [
                    21,
                    22
                ]
            ]
        },
        "media_assets/__init__.py": {
            "executed_lines": [],
            "summary": {
                "covered_lines": 0,
                "num_statements": 0,
                "percent_covered": 100.0,
                "percent_covered_display": "100",
                "missing_lines": 0,
                "excluded_lines": 0,
                "num_branches": 0,
                "num_partial_branches": 0,
                "covered_branches": 0,
                "missing_branches": 0
            },
            "missing_lines": [],
            "excluded_lines": [],
            "executed_branches": [],
            "missing_branches": []
        },
        "media_assets/admin.py": {
            "executed_lines": [
                2,
                4,
                5,
                8,
                9,
                10,
                18,
                19,
                22,
                23,
                24,
                25
            ],
            "summary": {
                "covered_lines": 12,
                "num_statements": 12,
                "percent_covered": 100.0,
                "percent_covered_display": "100",
                "missing_lines": 0,
                "excluded_lines": 0,
                "num_branches": 4,
                "num_partial_branches": 0,
                "covered_branches": 4,
                "missing_branches": 0
            },
            "missing_lines": [],
            "excluded_lines": [],
            "executed_branches": [
                [
                    8,
                    9
                ],
                [
                    8,
                    10
                ],
                [
                    22,
                    23
                ],
                [
                    22,
                    24
                ]
            ],
            "missing_branches": []
        },
        "media_assets/apps.py": {
            "executed_lines": [
                1,
                4,
                5,
                6
            ],
            "summary": {
                "covered_lines": 4,
                "num_statements": 4,
                "percent_covered": 100.0,
                "percent_covered_display": "100",
                "missing_lines": 0,
                "excluded_lines": 0,
                "num_branches": 0,
                "num_partial_branches": 0,
                "covered_branches": 0,
                "missing_branches": 0
            },
            "missing_lines": [],
            "excluded_lines": [],
            "executed_branches": [],
            "missing_branches": []
        },
        "media_assets/migrations/0001_initial.py": {
            "executed_lines": [
                3,
                4,
                7,
                8,
                10,
                12
            ],
            "summary": {
                "covered_lines": 6,
                "num_statements": 6,
                "percent_covered": 100.0,
                "percent_covered_display": "100",
                "missing_lines": 0,
                "excluded_lines": 0,
                "num_branches": 0,
                "num_partial_branches": 0,
                "covered_branches": 0,
                "missing_branches": 0
            },
            "missing_lines": [],
            "excluded_lines": [],
            "executed_branches": [],
            "missing_branches": []
        },
        "media_assets/migrations/0002_initial.py": {
            "executed_lines": [
                3,
                4,
                7,
                8,
                10,
                15
            ],
            "summary": {
                "covered_lines": 6,
                "num_statements": 6,
                "percent_covered": 100.0,
                "percent_covered_display": "100",
                "missing_lines": 0,
                "excluded_lines": 0,
                "num_branches": 0,
                "num_partial_branches": 0,
                "covered_branches": 0,
                "missing_branches": 0
            },
            "missing_lines": [],
            "excluded_lines": [],
            "executed_branches": [],
            "missing_branches": []
        },
        "media_assets/migrations/__init__.py": {
            "executed_lines": [],
            "summary": {
                "covered_lines": 0,
                "num_statements": 0,
                "percent_covered": 100.0,
                "percent_covered_display": "100",
                "missing_lines": 0,
                "excluded_lines": 0,
                "num_branches": 0,
                "num_partial_branches": 0,
                "covered_branches": 0,
                "missing_branches": 0
            },
            "missing_lines": [],
            "excluded_lines": [],
            "executed_branches": [],
            "missing_branches": []
        },
        "media_assets/models.py": {
            "executed_lines": [
                1,
                2,
                3,
                5,
                8,
                9,
                10,
                11,
                17,
                21,
                22,
                23,
                24,
                33,
                34,
                37,
                42
            ],
            "summary": {
                "covered_lines": 17,
                "num_statements": 19,
                "percent_covered": 89.47368421052632,
                "percent_covered_display": "89",
                "missing_lines": 2,
                "excluded_lines": 0,
                "num_branches": 0,
                "num_partial_branches": 0,
                "covered_branches": 0,
                "missing_branches": 0
            },
            "missing_lines": [
                18,
                43
            ],
            "excluded_lines": [],
            "executed_branches": [],
            "missing_branches": []
        },
        "media_assets/permissions.py": {
            "executed_lines": [
                1,
                4,
                5
            ],
            "summary": {
                "covered_lines": 3,
                "num_statements": 6,
                "percent_covered": 37.5,
                "percent_covered_display": "38",
                "missing_lines": 3,
                "excluded_lines": 0,
                "num_branches": 2,
                "num_partial_branches": 0,
                "covered_branches": 0,
                "missing_branches": 2
            },
            "missing_lines": [
                6,
                7,
                8
            ],
            "excluded_lines": [],
            "executed_branches": [],
            "missing_branches": [
                [
                    6,
                    7
                ],
                [
                    6,
                    8
                ]
            ]
        },
        "media_assets/serializers.py": {
            "executed_lines": [
                1,
                3,
                4,
                7,
                8,
                9,
                10,
                11,
                14,
                15,
                17,
                18,
                19,
                20,
                22
            ],
            "summary": {
                "covered_lines": 15,
                "num_statements": 21,
                "percent_covered": 55.55555555555556,
                "percent_covered_display": "56",
                "missing_lines": 6,
                "excluded_lines": 0,
                "num_branches": 6,
                "num_partial_branches": 0,
                "covered_branches": 0,
                "missing_branches": 6
            },
            "missing_lines": [
                23,
                24,
                25,
                26,
                27,
                28
            ],
            "excluded_lines": [],
            "executed_branches": [],
            "missing_branches": [
                [
                    24,
                    25
                ],
                [
                    24,
                    28
                ],
                [
                    25,
                    26
                ],
                [
                    25,
                    28
                ],
                [
                    26,
                    25
                ],
                [
                    26,
                    27
                ]
            ]
        },
        "media_assets/tests.py": {
            "executed_lines": [],
            "summary": {
                "covered_lines": 0,
                "num_statements": 1,
                "percent_covered": 0.0,
                "percent_covered_display": "0",
                "missing_lines": 1,
                "excluded_lines": 0,
                "num_branches": 0,
                "num_partial_branches": 0,
                "covered_branches": 0,
                "missing_branches": 0
            },
            "missing_lines": [
                1
            ],
            "excluded_lines": [],
            "executed_branches": [],
            "missing_branches": []
        },
        "media_assets/urls.py": {
            "executed_lines": [
                1,
                2,
                4,
                5,
                8,
                9,
                10,
                12
            ],
            "summary": {
                "covered_lines": 8,
                "num_statements": 8,
                "percent_covered": 100.0,
                "percent_covered_display": "100",
                "missing_lines": 0,
                "excluded_lines": 0,
                "num_branches": 0,
                "num_partial_branches": 0,
                "covered_branches": 0,
                "missing_branches": 0
            },
            "missing_lines": [],
            "excluded_lines": [],
            "executed_branches": [],
            "missing_branches": []
        },
        "media_assets/views.py": {
            "executed_lines": [],
            "summary": {
                "covered_lines": 0,
                "num_statements": 1,
                "percent_covered": 0.0,
                "percent_covered_display": "0",
                "missing_lines": 1,
                "excluded_lines": 0,
                "num_branches": 0,
                "num_partial_branches": 0,
                "covered_branches": 0,
                "missing_branches": 0
            },
            "missing_lines": [
                1
            ],
            "excluded_lines": [],
            "executed_branches": [],
            "missing_branches": []
        },
        "media_assets/viewsets.py": {
            "executed_lines": [
                1,
                3,
                4,
                5,
                6,
                7,
                10,
                11,
                12,
                13,
                15,
                22,
                26,
                27,
                28,
                29,
                31,
                38
            ],
            "summary": {
                "covered_lines": 18,
                "num_statements": 28,
                "percent_covered": 56.25,
                "percent_covered_display": "56",
                "missing_lines": 10,
                "excluded_lines": 0,
                "num_branches": 4,
                "num_partial_branches": 0,
                "covered_branches": 0,
                "missing_branches": 4
            },
            "missing_lines": [
                16,
                17,
                18,
                20,
                23,
                32,
                33,
                34,
                36,
                39
            ],
            "excluded_lines": [],
            "executed_branches": [],
            "missing_branches": [
                [
                    17,
                    18
                ],
                [
                    17,
                    20
                ],
                [
                    33,
                    34
                ],
                [
                    33,
                    36
                ]
            ]
        },
        "products/__init__.py": {
            "executed_lines": [],
            "summary": {
                "covered_lines": 0,
                "num_statements": 0,
                "percent_covered": 100.0,
                "percent_covered_display": "100",
                "missing_lines": 0,
                "excluded_lines": 0,
                "num_branches": 0,
                "num_partial_branches": 0,
                "covered_branches": 0,
                "missing_branches": 0
            },
            "missing_lines": [],
            "excluded_lines": [],
            "executed_branches": [],
            "missing_branches": []
        },
        "products/admin.py": {
            "executed_lines": [
                2,
                4,
                5,
                6,
                7,
                8,
                9,
                12,
                13,
                14,
                15,
                18,
                19,
                20,
                21,
                24,
                25,
                26,
                44,
                54,
                55,
                56,
                57,
                60,
                61,
                62,
                63,
                64,
                67,
                68,
                69,
                70,
                73,
                74,
                75,
                76
            ],
            "summary": {
                "covered_lines": 36,
                "num_statements": 36,
                "percent_covered": 100.0,
                "percent_covered_display": "100",
                "missing_lines": 0,
                "excluded_lines": 0,
                "num_branches": 12,
                "num_partial_branches": 0,
                "covered_branches": 12,
                "missing_branches": 0
            },
            "missing_lines": [],
            "excluded_lines": [],
            "executed_branches": [
                [
                    12,
                    13
                ],
                [
                    12,
                    14
                ],
                [
                    18,
                    19
                ],
                [
                    18,
                    20
                ],
                [
                    24,
                    25
                ],
                [
                    24,
                    26
                ],
                [
                    60,
                    61
                ],
                [
                    60,
                    62
                ],
                [
                    67,
                    68
                ],
                [
                    67,
                    69
                ],
                [
                    73,
                    74
                ],
                [
                    73,
                    75
                ]
            ],
            "missing_branches": []
        },
        "products/apps.py": {
            "executed_lines": [
                1,
                4,
                5,
                6
            ],
            "summary": {
                "covered_lines": 4,
                "num_statements": 4,
                "percent_covered": 100.0,
                "percent_covered_display": "100",
                "missing_lines": 0,
                "excluded_lines": 0,
                "num_branches": 0,
                "num_partial_branches": 0,
                "covered_branches": 0,
                "missing_branches": 0
            },
            "missing_lines": [],
            "excluded_lines": [],
            "executed_branches": [],
            "missing_branches": []
        },
        "products/migrations/0001_initial.py": {
            "executed_lines": [
                3,
                4,
                5,
                6,
                7,
                8,
                11,
                12,
                14,
                16
            ],
            "summary": {
                "covered_lines": 10,
                "num_statements": 10,
                "percent_covered": 100.0,
                "percent_covered_display": "100",
                "missing_lines": 0,
                "excluded_lines": 0,
                "num_branches": 0,
                "num_partial_branches": 0,
                "covered_branches": 0,
                "missing_branches": 0
            },
            "missing_lines": [],
            "excluded_lines": [],
            "executed_branches": [],
            "missing_branches": []
        },
        "products/migrations/0002_initial.py": {
            "executed_lines": [
                3,
                4,
                7,
                8,
                10,
                18
            ],
            "summary": {
                "covered_lines": 6,
                "num_statements": 6,
                "percent_covered": 100.0,
                "percent_covered_display": "100",
                "missing_lines": 0,
                "excluded_lines": 0,
                "num_branches": 0,
                "num_partial_branches": 0,
                "covered_branches": 0,
                "missing_branches": 0
            },
            "missing_lines": [],
            "excluded_lines": [],
            "executed_branches": [],
            "missing_branches": []
        },
        "products/migrations/__init__.py": {
            "executed_lines": [],
            "summary": {
                "covered_lines": 0,
                "num_statements": 0,
                "percent_covered": 100.0,
                "percent_covered_display": "100",
                "missing_lines": 0,
                "excluded_lines": 0,
                "num_branches": 0,
                "num_partial_branches": 0,
                "covered_branches": 0,
                "missing_branches": 0
            },
            "missing_lines": [],
            "excluded_lines": [],
            "executed_branches": [],
            "missing_branches": []
        },
        "products/models.py": {
            "executed_lines": [
                1,
                3,
                4,
                5,
                6,
                7,
                8,
                9,
                10,
                11,
                12,
                13,
                14,
                16,
                19,
                20,
                23,
                24,
                26,
                30,
                31,
                34,
                35,
                36,
                38,
                42,
                43,
                44,
                45,
                46,
                47,
                50,
                53,
                54,
                57,
                60,
                61,
                64,
                65,
                66,
                67,
                69,
                70,
                71,
                76,
                77,
                80,
                81,
                82,
                83,
                86,
                89,
                90,
                92,
                93,
                96,
                103,
                108,
                109,
                110,
                112,
                116,
                117,
                118,
                119,
                121
            ],
            "summary": {
                "covered_lines": 66,
                "num_statements": 79,
                "percent_covered": 81.31868131868131,
                "percent_covered_display": "81",
                "missing_lines": 13,
                "excluded_lines": 0,
                "num_branches": 12,
                "num_partial_branches": 0,
                "covered_branches": 8,
                "missing_branches": 4
            },
            "missing_lines": [
                27,
                39,
                72,
                73,
                94,
                97,
                98,
                99,
                101,
                104,
                105,
                113,
                122
            ],
            "excluded_lines": [],
            "executed_branches": [
                [
                    69,
                    70
                ],
                [
                    69,
                    71
                ],
                [
                    70,
                    69
                ],
                [
                    70,
                    71
                ],
                [
                    71,
                    -42
                ],
                [
                    71,
                    70
                ],
                [
                    93,
                    92
                ],
                [
                    93,
                    96
                ]
            ],
            "missing_branches": [
                [
                    72,
                    -72
                ],
                [
                    72,
                    73
                ],
                [
                    97,
                    98
                ],
                [
                    97,
                    101
                ]
            ]
        },
        "products/permissions.py": {
            "executed_lines": [],
            "summary": {
                "covered_lines": 0,
                "num_statements": 0,
                "percent_covered": 100.0,
                "percent_covered_display": "100",
                "missing_lines": 0,
                "excluded_lines": 0,
                "num_branches": 0,
                "num_partial_branches": 0,
                "covered_branches": 0,
                "missing_branches": 0
            },
            "missing_lines": [],
            "excluded_lines": [],
            "executed_branches": [],
            "missing_branches": []
        },
        "products/serializers.py": {
            "executed_lines": [
                1,
                2,
                4,
                5,
                6,
                9,
                10,
                11,
                12,
                14,
                23,
                24,
                25,
                26,
                28,
                41,
                54,
                55,
                56,
                57,
                59,
                73
            ],
            "summary": {
                "covered_lines": 22,
                "num_statements": 49,
                "percent_covered": 38.59649122807018,
                "percent_covered_display": "39",
                "missing_lines": 27,
                "excluded_lines": 0,
                "num_branches": 8,
                "num_partial_branches": 0,
                "covered_branches": 0,
                "missing_branches": 8
            },
            "missing_lines": [
                15,
                16,
                29,
                30,
                33,
                34,
                38,
                39,
                42,
                43,
                46,
                47,
                51,
                60,
                61,
                62,
                63,
                66,
                67,
                71,
                74,
                75,
                76,
                77,
                80,
                85,
                89
            ],
            "excluded_lines": [],
            "executed_branches": [],
            "missing_branches": [
                [
                    33,
                    34
                ],
                [
                    33,
                    38
                ],
                [
                    46,
                    47
                ],
                [
                    46,
                    51
                ],
                [
                    66,
                    67
                ],
                [
                    66,
                    71
                ],
                [
                    80,
                    85
                ],
                [
                    80,
                    89
                ]
            ]
        },
        "products/tests.py": {
            "executed_lines": [],
            "summary": {
                "covered_lines": 0,
                "num_statements": 1,
                "percent_covered": 0.0,
                "percent_covered_display": "0",
                "missing_lines": 1,
                "excluded_lines": 0,
                "num_branches": 0,
                "num_partial_branches": 0,
                "covered_branches": 0,
                "missing_branches": 0
            },
            "missing_lines": [
                1
            ],
            "excluded_lines": [],
            "executed_branches": [],
            "missing_branches": []
        },
        "products/urls.py": {
            "executed_lines": [
                1,
                2,
                3,
                5,
                6,
                7,
                9,
                10,
                13,
                18,
                24
            ],
            "summary": {
                "covered_lines": 11,
                "num_statements": 11,
                "percent_covered": 100.0,
                "percent_covered_display": "100",
                "missing_lines": 0,
                "excluded_lines": 0,
                "num_branches": 0,
                "num_partial_branches": 0,
                "covered_branches": 0,
                "missing_branches": 0
            },
            "missing_lines": [],
            "excluded_lines": [],
            "executed_branches": [],
            "missing_branches": []
        },
        "products/views.py": {
            "executed_lines": [],
            "summary": {
                "covered_lines": 0,
                "num_statements": 1,
                "percent_covered": 0.0,
                "percent_covered_display": "0",
                "missing_lines": 1,
                "excluded_lines": 0,
                "num_branches": 0,
                "num_partial_branches": 0,
                "covered_branches": 0,
                "missing_branches": 0
            },
            "missing_lines": [
                1
            ],
            "excluded_lines": [],
            "executed_branches": [],
            "missing_branches": []
        },
        "products/viewsets.py": {
            "executed_lines": [
                1,
                2,
                3,
                5,
                6,
                7,
                8,
                9,
                10,
                13,
                14,
                15,
                16,
                18,
                25,
                26,
                27,
                28,
                30,
                37,
                38,
                39,
                40,
                42
            ],
            "summary": {
                "covered_lines": 24,
                "num_statements": 35,
                "percent_covered": 58.53658536585366,
                "percent_covered_display": "59",
                "missing_lines": 11,
                "excluded_lines": 0,
                "num_branches": 6,
                "num_partial_branches": 0,
                "covered_branches": 0,
                "missing_branches": 6
            },
            "missing_lines": [
                19,
                20,
                21,
                22,
                31,
                32,
                33,
                34,
                43,
                44,
                45
            ],
            "excluded_lines": [],
            "executed_branches": [],
            "missing_branches": [
                [
                    20,
                    21
                ],
                [
                    20,
                    22
                ],
                [
                    32,
                    33
                ],
                [
[...]
                178,
                180,
                181,
                183,
                184,
                185,
                187,
                188,
                190,
                191,
                192,
                193,
                195,
                196,
                198,
                200,
                201,
                203,
                204,
                205,
                206,
                207,
                208,
                212,
                213,
                215,
                216,
                217,
                221,
                222,
                224,
                225,
                226,
                228,
                229,
                231,
                232,
                233,
                234,
                236,
                237,
                239,
                240,
                241,
                243,
                244,
                246,
                247,
                248,
                249,
                251,
                260,
                261,
                262,
                267,
                268,
                269,
                278,
                279,
                281,
                282,
                283,
                284,
                286,
                287,
                289,
                291,
                292,
                293,
                294,
                296,
                297,
                299,
                300,
                301,
                302,
                304,
                305,
                306,
                307,
                309,
                310,
                312,
                313,
                314,
                315,
                316,
                318,
                320,
                321,
                322,
                323,
                325,
                326,
                327,
                332,
                333,
                335,
                336,
                337,
                339,
                340,
                341,
                342,
                344,
                345,
                351,
                353,
                354,
                358,
                360,
                361,
                362,
                363,
                364,
                367,
                368,
                369,
                373,
                382,
                383,
                386,
                387,
                388,
                389,
                391,
                392,
                393,
                394,
                395,
                396,
                397,
                398,
                400,
                401,
                402,
                404,
                405,
                406,
                407,
                408,
                409
            ],
            "summary": {
                "covered_lines": 260,
                "num_statements": 260,
                "percent_covered": 100.0,
                "percent_covered_display": "100",
                "missing_lines": 0,
                "excluded_lines": 0,
                "num_branches": 10,
                "num_partial_branches": 0,
                "covered_branches": 10,
                "missing_branches": 0
            },
            "missing_lines": [],
            "excluded_lines": [],
            "executed_branches": [
                [
                    31,
                    32
                ],
                [
                    31,
                    33
                ],
                [
                    34,
                    33
                ],
                [
                    34,
                    40
                ],
                [
                    204,
                    203
                ],
                [
                    204,
                    215
                ],
                [
                    207,
                    -203
                ],
                [
                    207,
                    208
                ],
                [
                    312,
                    313
                ],
                [
                    312,
                    318
                ]
            ],
            "missing_branches": []
        },
        "tests/users/test_models.py": {
            "executed_lines": [
                1,
                2,
                3,
                6,
                7,
                8,
                9,
                11,
                12,
                13,
                15,
                16,
                17,
                18,
                20,
                21,
                22,
                23,
                25,
                26,
                29,
                30,
                31,
                34,
                36,
                37,
                38,
                39,
                40,
                41,
                42,
                45,
                46,
                47,
                48,
                49,
                51,
                52,
                53,
                56,
                57,
                58,
                61,
                62,
                63,
                66,
                67,
                68
            ],
            "summary": {
                "covered_lines": 48,
                "num_statements": 50,
                "percent_covered": 93.10344827586206,
                "percent_covered_display": "93",
                "missing_lines": 2,
                "excluded_lines": 0,
                "num_branches": 8,
                "num_partial_branches": 2,
                "covered_branches": 6,
                "missing_branches": 2
            },
            "missing_lines": [
                27,
                33
            ],
            "excluded_lines": [],
            "executed_branches": [
                [
                    6,
                    7
                ],
                [
                    6,
                    8
                ],
                [
                    26,
                    29
                ],
                [
                    30,
                    31
                ],
                [
                    45,
                    46
                ],
                [
                    45,
                    47
                ]
            ],
            "missing_branches": [
                [
                    26,
                    27
                ],
                [
                    30,
                    33
                ]
            ]
        },
        "tests/utils.py": {
            "executed_lines": [
                1,
                2,
                3,
                6,
                7,
                10,
                11,
                12,
                18,
                19,
                20,
                21,
                22,
                23,
                24
            ],
            "summary": {
                "covered_lines": 15,
                "num_statements": 15,
                "percent_covered": 94.11764705882354,
                "percent_covered_display": "94",
                "missing_lines": 0,
                "excluded_lines": 0,
                "num_branches": 2,
                "num_partial_branches": 1,
                "covered_branches": 1,
                "missing_branches": 1
            },
            "missing_lines": [],
            "excluded_lines": [],
            "executed_branches": [
                [
                    21,
                    22
                ]
            ],
            "missing_branches": [
                [
                    21,
                    -18
                ]
            ]
        },
        "users/__init__.py": {
            "executed_lines": [],
            "summary": {
                "covered_lines": 0,
                "num_statements": 0,
                "percent_covered": 100.0,
                "percent_covered_display": "100",
                "missing_lines": 0,
                "excluded_lines": 0,
                "num_branches": 0,
                "num_partial_branches": 0,
                "covered_branches": 0,
                "missing_branches": 0
            },
            "missing_lines": [],
            "excluded_lines": [],
            "executed_branches": [],
            "missing_branches": []
        },
        "users/admin.py": {
            "executed_lines": [
                2,
                4,
                5,
                6,
                9,
                10,
                11,
                24,
                32,
                35,
                36,
                37,
                38,
                41,
                42,
                43,
                44
            ],
            "summary": {
                "covered_lines": 17,
                "num_statements": 17,
                "percent_covered": 100.0,
                "percent_covered_display": "100",
                "missing_lines": 0,
                "excluded_lines": 0,
                "num_branches": 6,
                "num_partial_branches": 0,
                "covered_branches": 6,
                "missing_branches": 0
            },
            "missing_lines": [],
            "excluded_lines": [],
            "executed_branches": [
                [
                    9,
                    10
                ],
                [
                    9,
                    11
                ],
                [
                    35,
                    36
                ],
                [
                    35,
                    37
                ],
                [
                    41,
                    42
                ],
                [
                    41,
                    43
                ]
            ],
            "missing_branches": []
        },
        "users/apps.py": {
            "executed_lines": [
                1,
                4,
                5,
                6
            ],
            "summary": {
                "covered_lines": 4,
                "num_statements": 4,
                "percent_covered": 100.0,
                "percent_covered_display": "100",
                "missing_lines": 0,
                "excluded_lines": 0,
                "num_branches": 0,
                "num_partial_branches": 0,
                "covered_branches": 0,
                "missing_branches": 0
            },
            "missing_lines": [],
            "excluded_lines": [],
            "executed_branches": [],
            "missing_branches": []
        },
        "users/managers.py": {
            "executed_lines": [
                1,
                4,
                5,
                8,
                9,
                13,
                14
            ],
            "summary": {
                "covered_lines": 7,
                "num_statements": 9,
                "percent_covered": 77.77777777777777,
                "percent_covered_display": "78",
                "missing_lines": 2,
                "excluded_lines": 0,
                "num_branches": 0,
                "num_partial_branches": 0,
                "covered_branches": 0,
                "missing_branches": 0
            },
            "missing_lines": [
                10,
                15
            ],
            "excluded_lines": [],
            "executed_branches": [],
            "missing_branches": []
        },
        "users/migrations/0001_initial.py": {
            "executed_lines": [
                3,
                4,
                5,
                6,
                7,
                8,
                9,
                10,
                13,
                14,
                16,
                20
            ],
            "summary": {
                "covered_lines": 12,
                "num_statements": 12,
                "percent_covered": 100.0,
                "percent_covered_display": "100",
                "missing_lines": 0,
                "excluded_lines": 0,
                "num_branches": 0,
                "num_partial_branches": 0,
                "covered_branches": 0,
                "missing_branches": 0
            },
            "missing_lines": [],
            "excluded_lines": [],
            "executed_branches": [],
            "missing_branches": []
        },
        "users/migrations/__init__.py": {
            "executed_lines": [],
            "summary": {
                "covered_lines": 0,
                "num_statements": 0,
                "percent_covered": 100.0,
                "percent_covered_display": "100",
                "missing_lines": 0,
                "excluded_lines": 0,
                "num_branches": 0,
                "num_partial_branches": 0,
                "covered_branches": 0,
                "missing_branches": 0
            },
            "missing_lines": [],
            "excluded_lines": [],
            "executed_branches": [],
            "missing_branches": []
        },
        "users/models.py": {
            "executed_lines": [
                1,
                2,
                3,
                4,
                5,
                6,
                7,
                8,
                9,
                11,
                12,
                13,
                18,
                19,
                20,
                21,
                22,
                24,
                25,
                27,
                28,
                29,
                30,
                32,
                33,
                34,
                35,
                37,
                38,
                39,
                40,
                41,
                43,
                45,
                46,
                47,
                48,
                49,
                50,
                53,
                54,
                57,
                66,
                67,
                69,
                70,
                71,
                74,
                75,
                78,
                87,
                88,
                90,
                91,
                92
            ],
            "summary": {
                "covered_lines": 55,
                "num_statements": 55,
                "percent_covered": 100.0,
                "percent_covered_display": "100",
                "missing_lines": 0,
                "excluded_lines": 0,
                "num_branches": 14,
                "num_partial_branches": 0,
                "covered_branches": 14,
                "missing_branches": 0
            },
            "missing_lines": [],
            "excluded_lines": [],
            "executed_branches": [
                [
                    28,
                    29
                ],
                [
                    28,
                    30
                ],
                [
                    33,
                    34
                ],
                [
                    33,
                    35
                ],
                [
                    38,
                    39
                ],
                [
                    38,
                    40
                ],
                [
                    40,
                    41
                ],
                [
                    40,
                    43
                ],
                [
                    46,
                    -18
                ],
                [
                    46,
                    45
                ],
                [
                    47,
                    48
                ],
                [
                    47,
                    49
                ],
                [
                    49,
                    -45
                ],
                [
                    49,
                    50
                ]
            ],
            "missing_branches": []
        },
        "users/serializers.py": {
            "executed_lines": [
                1,
                2,
                3,
                4,
                5,
                8,
                9,
                10,
                11,
                12,
                13,
                14,
                15,
                16,
                21,
                22,
                23,
                24,
                25
            ],
            "summary": {
                "covered_lines": 19,
                "num_statements": 21,
                "percent_covered": 86.95652173913044,
                "percent_covered_display": "87",
                "missing_lines": 2,
                "excluded_lines": 0,
                "num_branches": 2,
                "num_partial_branches": 1,
                "covered_branches": 1,
                "missing_branches": 1
            },
            "missing_lines": [
                17,
                18
            ],
            "excluded_lines": [],
            "executed_branches": [
                [
                    14,
                    15
                ]
            ],
            "missing_branches": [
                [
                    14,
                    21
                ]
            ]
        },
        "users/tests.py": {
            "executed_lines": [],
            "summary": {
                "covered_lines": 0,
                "num_statements": 1,
                "percent_covered": 0.0,
                "percent_covered_display": "0",
                "missing_lines": 1,
                "excluded_lines": 0,
                "num_branches": 0,
                "num_partial_branches": 0,
                "covered_branches": 0,
                "missing_branches": 0
            },
            "missing_lines": [
                1
            ],
            "excluded_lines": [],
            "executed_branches": [],
            "missing_branches": []
        },
        "users/urls.py": {
            "executed_lines": [],
            "summary": {
                "covered_lines": 0,
                "num_statements": 0,
                "percent_covered": 100.0,
                "percent_covered_display": "100",
                "missing_lines": 0,
                "excluded_lines": 0,
                "num_branches": 0,
                "num_partial_branches": 0,
                "covered_branches": 0,
                "missing_branches": 0
            },
            "missing_lines": [],
            "excluded_lines": [],
            "executed_branches": [],
            "missing_branches": []
        },
        "users/views.py": {
            "executed_lines": [
                1,
                2,
                3,
                5,
                8,
                9
            ],
            "summary": {
                "covered_lines": 6,
                "num_statements": 6,
                "percent_covered": 100.0,
                "percent_covered_display": "100",
                "missing_lines": 0,
                "excluded_lines": 0,
                "num_branches": 0,
                "num_partial_branches": 0,
                "covered_branches": 0,
                "missing_branches": 0
            },
            "missing_lines": [],
            "excluded_lines": [],
            "executed_branches": [],
            "missing_branches": []
        }
    },
    "totals": {
        "covered_lines": 1194,
        "num_statements": 1425,
        "percent_covered": 79.74374618669921,
        "percent_covered_display": "80",
        "missing_lines": 231,
        "excluded_lines": 0,
        "num_branches": 214,
        "num_partial_branches": 7,
        "covered_branches": 113,
        "missing_branches": 101
    }
}